[debug] [2023-01-24T06:37:31.843Z] ----------------------------------------------------------------------
[debug] [2023-01-24T06:37:31.844Z] Command:       /opt/homebrew/Cellar/node/18.11.0/bin/node /opt/homebrew/bin/firebase init
[debug] [2023-01-24T06:37:31.844Z] CLI Version:   11.21.0
[debug] [2023-01-24T06:37:31.844Z] Platform:      darwin
[debug] [2023-01-24T06:37:31.844Z] Node Version:  v18.11.0
[debug] [2023-01-24T06:37:31.849Z] Time:          Tue Jan 24 2023 07:37:31 GMT+0100 (West Africa Standard Time)
[debug] [2023-01-24T06:37:31.849Z] ----------------------------------------------------------------------
[debug] 
[debug] [2023-01-24T06:37:31.852Z] > command requires scopes: ["email","openid","https://www.googleapis.com/auth/cloudplatformprojects.readonly","https://www.googleapis.com/auth/firebase","https://www.googleapis.com/auth/cloud-platform"]
[debug] [2023-01-24T06:37:31.852Z] > authorizing via signed-in user (eyimofeomotayo@gmail.com)
[info] 
     ######## #### ########  ######## ########     ###     ######  ########
     ##        ##  ##     ## ##       ##     ##  ##   ##  ##       ##
     ######    ##  ########  ######   ########  #########  ######  ######
     ##        ##  ##    ##  ##       ##     ## ##     ##       ## ##
     ##       #### ##     ## ######## ########  ##     ##  ######  ########

You're about to initialize a Firebase project in this directory:

  /Users/thatreactguy/Desktop/counter-app

[info] 
=== Project Setup
[info] 
[info] First, let's associate this project directory with a Firebase project.
[info] You can create multiple project aliases by running firebase use --add, 
[info] but for now we'll just set up a default project.
[info] 
[debug] [2023-01-24T06:37:44.458Z] >>> [apiv2][query] GET https://firebase.googleapis.com/v1beta1/projects pageSize=100
[debug] [2023-01-24T06:37:45.276Z] <<< [apiv2][status] GET https://firebase.googleapis.com/v1beta1/projects 200
[debug] [2023-01-24T06:37:45.277Z] <<< [apiv2][body] GET https://firebase.googleapis.com/v1beta1/projects [omitted]
[info] i  Using project counter-app-ce0fd (Counter App) 
[info] 
=== Hosting Setup
[info] 
[info] Your public directory is the folder (relative to your project directory) that
[info] will contain Hosting assets to be uploaded with firebase deploy. If you
[info] have a build process for your assets, use your build's output directory.
[info] 
[debug] [2023-01-24T06:38:06.328Z] >>> [apiv2][query] GET https://www.gstatic.com/firebasejs/releases.json [none]
[debug] [2023-01-24T06:38:06.604Z] <<< [apiv2][status] GET https://www.gstatic.com/firebasejs/releases.json 200
[debug] [2023-01-24T06:38:06.605Z] <<< [apiv2][body] GET https://www.gstatic.com/firebasejs/releases.json {"current":{"version":"9.16.0","browserURL":"https://www.gstatic.com/firebasejs/9.16.0/firebase.js","packageURL":"https://www.gstatic.com/firebasejs/9.16.0/firebase.tgz"},"live":{"version":"9.16","browserURL":"https://www.gstatic.com/firebasejs/live/9.16/firebase.js","packageURL":"https://www.gstatic.com/firebasejs/live/9.16/firebase.tgz"},"components":{"analytics":"https://www.gstatic.com/firebasejs/9.16.0/firebase-analytics.js","app":"https://www.gstatic.com/firebasejs/9.16.0/firebase-app.js","app-check":"https://www.gstatic.com/firebasejs/9.16.0/firebase-app-check.js","auth":"https://www.gstatic.com/firebasejs/9.16.0/firebase-auth.js","auth/cordova":"https://www.gstatic.com/firebasejs/9.16.0/firebase-auth/cordova.js","auth/react-native":"https://www.gstatic.com/firebasejs/9.16.0/firebase-auth/react-native.js","functions":"https://www.gstatic.com/firebasejs/9.16.0/firebase-functions.js","firestore":"https://www.gstatic.com/firebasejs/9.16.0/firebase-firestore.js","firestore/lite":"https://www.gstatic.com/firebasejs/9.16.0/firebase-firestore/lite.js","installations":"https://www.gstatic.com/firebasejs/9.16.0/firebase-installations.js","storage":"https://www.gstatic.com/firebasejs/9.16.0/firebase-storage.js","performance":"https://www.gstatic.com/firebasejs/9.16.0/firebase-performance.js","remote-config":"https://www.gstatic.com/firebasejs/9.16.0/firebase-remote-config.js","messaging":"https://www.gstatic.com/firebasejs/9.16.0/firebase-messaging.js","messaging/sw":"https://www.gstatic.com/firebasejs/9.16.0/firebase-messaging/sw.js","database":"https://www.gstatic.com/firebasejs/9.16.0/firebase-database.js","firestore.memory":"https://www.gstatic.com/firebasejs/9.16.0/firebase-firestore.memory.js"}}
[info] ✔  Wrote public/index.html 
[info] 
[info] i  Detected a .git folder at /Users/thatreactguy/Desktop/counter-app 
[info] i  Authorizing with GitHub to upload your service account to a GitHub repository's secrets store. 
[info] 
[info] Visit this URL on this device to log in:
[info] https://github.com/login/oauth/authorize?client_id=89cf50f02ac6aaed3484&state=156274009&redirect_uri=http%3A%2F%2Flocalhost%3A9005&scope=read%3Auser%20repo%20public_repo
[info] 
[info] Waiting for authentication...
[debug] [2023-01-24T06:38:24.238Z] >>> [apiv2][query] POST https://github.com/login/oauth/access_token [none]
[debug] [2023-01-24T06:38:24.240Z] >>> [apiv2][body] POST https://github.com/login/oauth/access_token [stream]
[debug] [2023-01-24T06:38:24.990Z] <<< [apiv2][status] POST https://github.com/login/oauth/access_token 200
[debug] [2023-01-24T06:38:24.990Z] <<< [apiv2][body] POST https://github.com/login/oauth/access_token {"access_token":"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","token_type":"bearer","scope":"read:user,repo"}
[debug] [2023-01-24T06:38:25.004Z] >>> [apiv2][query] GET https://api.github.com/user [none]
[debug] [2023-01-24T06:38:25.998Z] <<< [apiv2][status] GET https://api.github.com/user 200
[debug] [2023-01-24T06:38:26.010Z] <<< [apiv2][body] GET https://api.github.com/user {"login":"mofeforthefuture","id":69436548,"node_id":"MDQ6VXNlcjY5NDM2NTQ4","avatar_url":"https://avatars.githubusercontent.com/u/69436548?v=4","gravatar_id":"","url":"https://api.github.com/users/mofeforthefuture","html_url":"https://github.com/mofeforthefuture","followers_url":"https://api.github.com/users/mofeforthefuture/followers","following_url":"https://api.github.com/users/mofeforthefuture/following{/other_user}","gists_url":"https://api.github.com/users/mofeforthefuture/gists{/gist_id}","starred_url":"https://api.github.com/users/mofeforthefuture/starred{/owner}{/repo}","subscriptions_url":"https://api.github.com/users/mofeforthefuture/subscriptions","organizations_url":"https://api.github.com/users/mofeforthefuture/orgs","repos_url":"https://api.github.com/users/mofeforthefuture/repos","events_url":"https://api.github.com/users/mofeforthefuture/events{/privacy}","received_events_url":"https://api.github.com/users/mofeforthefuture/received_events","type":"User","site_admin":false,"name":"mofe","company":"Atb techsoft ","blog":"Keots.com","location":"Nigeria","email":null,"hireable":null,"bio":"A simple chubby guy","twitter_username":null,"public_repos":28,"public_gists":0,"followers":7,"following":11,"created_at":"2020-08-09T20:54:30Z","updated_at":"2022-09-30T07:10:55Z","private_gists":0,"total_private_repos":13,"owned_private_repos":13,"disk_usage":155115,"collaborators":8,"two_factor_authentication":false,"plan":{"name":"free","space":976562499,"collaborators":0,"private_repos":10000}}
[info] 
[info] ✔  Success! Logged into GitHub as mofeforthefuture 
[info] 
[debug] [2023-01-24T06:38:39.202Z] >>> [apiv2][query] GET https://api.github.com/repos//actions/secrets/public-key type=owner
[debug] [2023-01-24T06:38:39.809Z] <<< [apiv2][status] GET https://api.github.com/repos//actions/secrets/public-key 404
[debug] [2023-01-24T06:38:39.809Z] <<< [apiv2][body] GET https://api.github.com/repos//actions/secrets/public-key {"message":"Not Found","documentation_url":"https://docs.github.com/rest"}
